# JRE version: OpenJDK Runtime Environment Temurin-21.0.4+7 (21.0.4+7) (build 21.0.4+7-LTS)
# Java VM: OpenJDK 64-Bit Server VM Temurin-21.0.4+7 (21.0.4+7-LTS, mixed mode, emulated-client, tiered, compressed oops, compressed class ptrs, g1 gc, windows-amd64)
GC Precious Log:
 CardTable entry size: 512
 Card Set container configuration: InlinePtr #cards 5 size 8 Array Of Cards #cards 12 size 40 Howl #buckets 4 coarsen threshold 1843 Howl Bitmap #cards 512 size 80 coarsen threshold 460 Card regions per heap region 1 cards per card region 2048
 CPUs: 12 total, 12 available
 Memory: 7893M
 Large Page Support: Disabled
 NUMA Support: Disabled
 Compressed Oops: Enabled (32-bit)
 Heap Region Size: 1M
 Heap Min Capacity: 8M
 Heap Initial Capacity: 124M
 Heap Max Capacity: 1974M
 Pre-touch: Disabled
 Parallel Workers: 10
 Concurrent Workers: 3
 Concurrent Refinement Workers: 10
 Periodic GC: Disabled
Heap:
 garbage-first heap   total 75776K, used 59637K [0x0000000084a00000, 0x0000000100000000)
  region size 1024K, 38 young (38912K), 6 survivors (6144K)
 Metaspace       used 77897K, committed 78656K, reserved 1179648K
  class space    used 10159K, committed 10496K, reserved 1048576K
GC Heap History (20 events):
Event: 3.611 GC heap before
{Heap before GC invocations=13 (full 0):
 garbage-first heap   total 62464K, used 51197K [0x0000000084a00000, 0x0000000100000000)
  region size 1024K, 36 young (36864K), 4 survivors (4096K)
 Metaspace       used 44111K, committed 44672K, reserved 1114112K
  class space    used 5387K, committed 5632K, reserved 1048576K
}
Event: 3.615 GC heap after
{Heap after GC invocations=14 (full 0):
 garbage-first heap   total 62464K, used 19434K [0x0000000084a00000, 0x0000000100000000)
  region size 1024K, 3 young (3072K), 3 survivors (3072K)
 Metaspace       used 44111K, committed 44672K, reserved 1114112K
  class space    used 5387K, committed 5632K, reserved 1048576K
}
Event: 3.893 GC heap before
{Heap before GC invocations=14 (full 0):
 garbage-first heap   total 62464K, used 53226K [0x0000000084a00000, 0x0000000100000000)
  region size 1024K, 36 young (36864K), 3 survivors (3072K)
 Metaspace       used 47369K, committed 47936K, reserved 1114112K
  class space    used 5936K, committed 6144K, reserved 1048576K
}
Event: 3.895 GC heap after
{Heap after GC invocations=15 (full 0):
 garbage-first heap   total 62464K, used 19813K [0x0000000084a00000, 0x0000000100000000)
  region size 1024K, 4 young (4096K), 4 survivors (4096K)
 Metaspace       used 47369K, committed 47936K, reserved 1114112K
  class space    used 5936K, committed 6144K, reserved 1048576K
}
Event: 4.149 GC heap before
{Heap before GC invocations=15 (full 0):
 garbage-first heap   total 62464K, used 52581K [0x0000000084a00000, 0x0000000100000000)
  region size 1024K, 36 young (36864K), 4 survivors (4096K)
 Metaspace       used 50664K, committed 51328K, reserved 1114112K
  class space    used 6339K, committed 6656K, reserved 1048576K
}
Event: 4.152 GC heap after
{Heap after GC invocations=16 (full 0):
 garbage-first heap   total 62464K, used 20952K [0x0000000084a00000, 0x0000000100000000)
  region size 1024K, 3 young (3072K), 3 survivors (3072K)
 Metaspace       used 50664K, committed 51328K, reserved 1114112K
  class space    used 6339K, committed 6656K, reserved 1048576K
}
Event: 4.555 GC heap before
{Heap before GC invocations=16 (full 0):
 garbage-first heap   total 62464K, used 54744K [0x0000000084a00000, 0x0000000100000000)
  region size 1024K, 36 young (36864K), 3 survivors (3072K)
 Metaspace       used 56528K, committed 57088K, reserved 1114112K
  class space    used 7098K, committed 7360K, reserved 1048576K
}
Event: 4.558 GC heap after
{Heap after GC invocations=17 (full 0):
 garbage-first heap   total 62464K, used 23026K [0x0000000084a00000, 0x0000000100000000)
  region size 1024K, 5 young (5120K), 5 survivors (5120K)
 Metaspace       used 56528K, committed 57088K, reserved 1114112K
  class space    used 7098K, committed 7360K, reserved 1048576K
}
Event: 4.797 GC heap before
{Heap before GC invocations=17 (full 0):
 garbage-first heap   total 62464K, used 51698K [0x0000000084a00000, 0x0000000100000000)
  region size 1024K, 34 young (34816K), 5 survivors (5120K)
 Metaspace       used 59224K, committed 59776K, reserved 1114112K
  class space    used 7448K, committed 7680K, reserved 1048576K
}
Event: 4.800 GC heap after
{Heap after GC invocations=18 (full 0):
 garbage-first heap   total 62464K, used 23430K [0x0000000084a00000, 0x0000000100000000)
  region size 1024K, 3 young (3072K), 3 survivors (3072K)
 Metaspace       used 59224K, committed 59776K, reserved 1114112K
  class space    used 7448K, committed 7680K, reserved 1048576K
}
Event: 4.825 GC heap before
{Heap before GC invocations=18 (full 0):
 garbage-first heap   total 62464K, used 26502K [0x0000000084a00000, 0x0000000100000000)
  region size 1024K, 7 young (7168K), 3 survivors (3072K)
 Metaspace       used 59553K, committed 60096K, reserved 1114112K
  class space    used 7482K, committed 7744K, reserved 1048576K
}
Event: 4.828 GC heap after
{Heap after GC invocations=19 (full 0):
 garbage-first heap   total 75776K, used 23104K [0x0000000084a00000, 0x0000000100000000)
  region size 1024K, 3 young (3072K), 3 survivors (3072K)
 Metaspace       used 59553K, committed 60096K, reserved 1114112K
  class space    used 7482K, committed 7744K, reserved 1048576K
}
Event: 5.230 GC heap before
{Heap before GC invocations=20 (full 0):
 garbage-first heap   total 75776K, used 64064K [0x0000000084a00000, 0x0000000100000000)
  region size 1024K, 44 young (45056K), 3 survivors (3072K)
 Metaspace       used 64519K, committed 65088K, reserved 1114112K
  class space    used 8228K, committed 8448K, reserved 1048576K
}
Event: 5.233 GC heap after
{Heap after GC invocations=21 (full 0):
 garbage-first heap   total 75776K, used 24011K [0x0000000084a00000, 0x0000000100000000)
  region size 1024K, 4 young (4096K), 4 survivors (4096K)
 Metaspace       used 64519K, committed 65088K, reserved 1114112K
  class space    used 8228K, committed 8448K, reserved 1048576K
}
Event: 5.621 GC heap before
{Heap before GC invocations=21 (full 0):
 garbage-first heap   total 75776K, used 64971K [0x0000000084a00000, 0x0000000100000000)
  region size 1024K, 44 young (45056K), 4 survivors (4096K)
 Metaspace       used 68307K, committed 68928K, reserved 1114112K
  class space    used 8877K, committed 9152K, reserved 1048576K
}
Event: 5.625 GC heap after
{Heap after GC invocations=22 (full 0):
 garbage-first heap   total 75776K, used 24351K [0x0000000084a00000, 0x0000000100000000)
  region size 1024K, 4 young (4096K), 4 survivors (4096K)
 Metaspace       used 68307K, committed 68928K, reserved 1114112K
  class space    used 8877K, committed 9152K, reserved 1048576K
}
Event: 6.020 GC heap before
{Heap before GC invocations=22 (full 0):
 garbage-first heap   total 75776K, used 65311K [0x0000000084a00000, 0x0000000100000000)
  region size 1024K, 44 young (45056K), 4 survivors (4096K)
 Metaspace       used 72095K, committed 72768K, reserved 1114112K
  class space    used 9360K, committed 9664K, reserved 1048576K
}
Event: 6.024 GC heap after
{Heap after GC invocations=23 (full 0):
 garbage-first heap   total 75776K, used 26382K [0x0000000084a00000, 0x0000000100000000)
  region size 1024K, 5 young (5120K), 5 survivors (5120K)
 Metaspace       used 72095K, committed 72768K, reserved 1114112K
  class space    used 9360K, committed 9664K, reserved 1048576K
}
Event: 6.444 GC heap before
{Heap before GC invocations=23 (full 0):
 garbage-first heap   total 75776K, used 64270K [0x0000000084a00000, 0x0000000100000000)
  region size 1024K, 42 young (43008K), 5 survivors (5120K)
 Metaspace       used 74604K, committed 75328K, reserved 1114112K
  class space    used 9725K, committed 10048K, reserved 1048576K
}
Event: 6.449 GC heap after
{Heap after GC invocations=24 (full 0):
 garbage-first heap   total 75776K, used 28917K [0x0000000084a00000, 0x0000000100000000)
  region size 1024K, 6 young (6144K), 6 survivors (6144K)
 Metaspace       used 74604K, committed 75328K, reserved 1114112K
  class space    used 9725K, committed 10048K, reserved 1048576K
}

